<?xml version="1.0" encoding="UTF-8"?>
<testsuite xmlns:xsi="http://www.w3.org/2001/XMLSchema-instance" xsi:schemaLocation="https://maven.apache.org/surefire/maven-surefire-plugin/xsd/surefire-test-report.xsd" name="TestSuite" time="726.173" tests="37" errors="0" skipped="0" failures="2">
  <properties>
[...]
</properties>
  <testcase name="AlreadyExistPhonenumberSignUp" classname="com.rebirthQuickteller.TestCases.SignUp" time="3.88"/>
  <testcase name="InvalidPhonenumberSignUp" classname="com.rebirthQuickteller.TestCases.SignUp" time="4.401"/>
  <testcase name="InvalidPasswordCheck1" classname="com.rebirthQuickteller.TestCases.SignUp" time="14.101"/>
  <testcase name="InvalidPasswordCheck2" classname="com.rebirthQuickteller.TestCases.SignUp" time="0.646"/>
  <testcase name="InvalidPasswordCheck3" classname="com.rebirthQuickteller.TestCases.SignUp" time="0.559"/>
  <testcase name="InvalidPasswordCheck4" classname="com.rebirthQuickteller.TestCases.SignUp" time="0.66"/>
  <testcase name="InvalidPasswordCheck5" classname="com.rebirthQuickteller.TestCases.SignUp" time="0.628"/>
  <testcase name="InvalidPasswordCheck6" classname="com.rebirthQuickteller.TestCases.SignUp" time="0.617"/>
  <testcase name="CheckFirstNameIsRequiredToCompleteOnboarding" classname="com.rebirthQuickteller.TestCases.SignUp" time="31.632"/>
  <testcase name="CheckLastNameIsRequiredToCompleteOnboarding" classname="com.rebirthQuickteller.TestCases.SignUp" time="40.348"/>
  <testcase name="CheckGenderIsRequiredToCompleteOnboarding" classname="com.rebirthQuickteller.TestCases.SignUp" time="39.884"/>
  <testcase name="CheckDateOfBirthIsRequiredToCompleteOnboarding" classname="com.rebirthQuickteller.TestCases.SignUp" time="41.377"/>
  <testcase name="CheckPinMisMatchisNotPermmittedToCompleteOnboarding" classname="com.rebirthQuickteller.TestCases.SignUp" time="35.466"/>
  <testcase name="CheckPinRepetitiveisNotPermmittedToCompleteOnboarding" classname="com.rebirthQuickteller.TestCases.SignUp" time="39.045"/>
  <testcase name="SignUpwithPhoneNumber" classname="com.rebirthQuickteller.TestCases.SignUp" time="31.82"/>
  <testcase name="LoginWithInvalidEmailInput" classname="com.rebirthQuickteller.TestCases.ValidateLogin" time="0.738"/>
  <testcase name="LoginWithUnregisteredEmail" classname="com.rebirthQuickteller.TestCases.ValidateLogin" time="1.217"/>
  <testcase name="EmailLoginWithEmptyEmailAddressField" classname="com.rebirthQuickteller.TestCases.ValidateLogin" time="0.518"/>
  <testcase name="EmailLoginWithEmptyPasswordField" classname="com.rebirthQuickteller.TestCases.ValidateLogin" time="0.531"/>
  <testcase name="EmailLoginwithInvalidPassword" classname="com.rebirthQuickteller.TestCases.ValidateLogin" time="4.257"/>
  <testcase name="EmailLoginwithValidcredentials" classname="com.rebirthQuickteller.TestCases.ValidateLogin" time="6.209"/>
  <testcase name="ValidateEmailLoginWithRememberMe" classname="com.rebirthQuickteller.TestCases.ValidateLogin" time="10.69"/>
  <testcase name="LoginWithInvalidPhoneNumberInput" classname="com.rebirthQuickteller.TestCases.ValidateLogin" time="1.197"/>
  <testcase name="LoginWithUnRegisteredPhonenumber" classname="com.rebirthQuickteller.TestCases.ValidateLogin" time="5.913"/>
  <testcase name="LoginWithEmptyPhonenumberField" classname="com.rebirthQuickteller.TestCases.ValidateLogin" time="0.695"/>
  <testcase name="phoneNumberLoginWithEmptyPasswordField" classname="com.rebirthQuickteller.TestCases.ValidateLogin" time="0.797"/>
  <testcase name="PhoneNumberLoginWithInvalidPassword" classname="com.rebirthQuickteller.TestCases.ValidateLogin" time="9.718"/>
  <testcase name="PhoneNumberLoginWithValidCredentials" classname="com.rebirthQuickteller.TestCases.ValidateLogin" time="7.447"/>
  <testcase name="ValidatePhonenumberLoginWithRememberMe" classname="com.rebirthQuickteller.TestCases.ValidateLogin" time="15.155"/>
  <testcase name="CardTransferWithValidDetails" classname="com.rebirthQuickteller.TestCases.SendMoney" time="93.256">
    <failure message="Expected condition failed: waiting for visibility of element located by By.xpath: //p[contains(.,&apos;Money sent!&apos;)] (tried for 60 second(s) with 500 milliseconds interval)" type="org.openqa.selenium.TimeoutException">org.openqa.selenium.TimeoutException: Expected condition failed: waiting for visibility of element located by By.xpath: //p[contains(.,'Money sent!')] (tried for 60 second(s) with 500 milliseconds interval)
	at com.rebirthQuickteller.TestCases.SendMoney.CardTransferWithValidDetails(SendMoney.java:46)
Caused by: org.openqa.selenium.NoSuchElementException: 
no such element: Unable to locate element: {"method":"xpath","selector":"//p[contains(.,'Money sent!')]"}
  (Session info: headless chrome=116.0.5845.188)
For documentation on this error, please visit: https://www.seleniumhq.org/exceptions/no_such_element.html
Build info: version: '3.141.59', revision: 'e82be7d358', time: '2018-11-14T08:17:03'
System info: host: 'ISW-230323-1218', ip: '192.168.1.46', os.name: 'Windows 10', os.arch: 'amd64', os.version: '10.0', java.version: '17.0.6'
Driver info: org.openqa.selenium.chrome.ChromeDriver
Capabilities {acceptInsecureCerts: false, browserName: chrome, browserVersion: 116.0.5845.188, chrome: {chromedriverVersion: 116.0.5845.96 (1a3918166880..., userDataDir: C:\Users\ADEMOL~1.OYE\AppDa...}, fedcm:accounts: true, goog:chromeOptions: {debuggerAddress: localhost:52655}, javascriptEnabled: true, networkConnectionEnabled: false, pageLoadStrategy: normal, platform: WINDOWS, platformName: WINDOWS, proxy: Proxy(), setWindowRect: true, strictFileInteractability: false, timeouts: {implicit: 0, pageLoad: 300000, script: 30000}, unhandledPromptBehavior: dismiss and notify, webauthn:extension:credBlob: true, webauthn:extension:largeBlob: true, webauthn:extension:minPinLength: true, webauthn:extension:prf: true, webauthn:virtualAuthenticators: true}
Session ID: a96b2c60f6a0b88994b1a27dabc3bc93
*** Element info: {Using=xpath, value=//p[contains(.,'Money sent!')]}
	at com.rebirthQuickteller.TestCases.SendMoney.CardTransferWithValidDetails(SendMoney.java:46)
</failure>
    <system-out><![CDATA[=====Chrome Browser Session Started=====
Test to perform transfer with card started !!!
emailAddress entered successfully
Password entered successfully
SignIn button clicked successfully
New  button clicked successfully
Account Number entered successfully
Search entered successfully
Select Search entered successfully
Next button clicked successfully
Amount Entered
Narration entered successfully
Send button clicked successfully
New card selected
Card number input
CardExpiryDate input
CardCVV input
Card Pin input
Next button clicked successfully
]]></system-out>
    <system-err><![CDATA[Starting ChromeDriver 116.0.5845.96 (1a391816688002153ef791ffe60d9e899a71a037-refs/branch-heads/5845@{#1382}) on port 43307
Only local connections are allowed.
Please see https://chromedriver.chromium.org/security-considerations for suggestions on keeping ChromeDriver safe.
ChromeDriver was started successfully.
Sep 20, 2023 2:19:57 PM org.openqa.selenium.remote.ProtocolHandshake createSession
INFO: Detected dialect: W3C
]]></system-err>
  </testcase>
  <testcase name="QtAccountTransferWithValidDetails" classname="com.rebirthQuickteller.TestCases.SendMoney" time="18.868"/>
  <testcase name="QtAccountTransferWithInValidPIN" classname="com.rebirthQuickteller.TestCases.SendMoney" time="18.02"/>
  <testcase name="FundAccountWithValidDetails" classname="com.rebirthQuickteller.TestCases.SendMoney" time="103.445">
    <failure message="Expected condition failed: waiting for visibility of element located by By.xpath: //p[contains(.,&apos;Money Added!&apos;)] (tried for 60 second(s) with 500 milliseconds interval)" type="org.openqa.selenium.TimeoutException">org.openqa.selenium.TimeoutException: Expected condition failed: waiting for visibility of element located by By.xpath: //p[contains(.,'Money Added!')] (tried for 60 second(s) with 500 milliseconds interval)
	at com.rebirthQuickteller.TestCases.SendMoney.FundAccountWithValidDetails(SendMoney.java:136)
Caused by: org.openqa.selenium.NoSuchElementException: 
no such element: Unable to locate element: {"method":"xpath","selector":"//p[contains(.,'Money Added!')]"}
  (Session info: headless chrome=116.0.5845.188)
For documentation on this error, please visit: https://www.seleniumhq.org/exceptions/no_such_element.html
Build info: version: '3.141.59', revision: 'e82be7d358', time: '2018-11-14T08:17:03'
System info: host: 'ISW-230323-1218', ip: '192.168.1.46', os.name: 'Windows 10', os.arch: 'amd64', os.version: '10.0', java.version: '17.0.6'
Driver info: org.openqa.selenium.chrome.ChromeDriver
Capabilities {acceptInsecureCerts: false, browserName: chrome, browserVersion: 116.0.5845.188, chrome: {chromedriverVersion: 116.0.5845.96 (1a3918166880..., userDataDir: C:\Users\ADEMOL~1.OYE\AppDa...}, fedcm:accounts: true, goog:chromeOptions: {debuggerAddress: localhost:52655}, javascriptEnabled: true, networkConnectionEnabled: false, pageLoadStrategy: normal, platform: WINDOWS, platformName: WINDOWS, proxy: Proxy(), setWindowRect: true, strictFileInteractability: false, timeouts: {implicit: 0, pageLoad: 300000, script: 30000}, unhandledPromptBehavior: dismiss and notify, webauthn:extension:credBlob: true, webauthn:extension:largeBlob: true, webauthn:extension:minPinLength: true, webauthn:extension:prf: true, webauthn:virtualAuthenticators: true}
Session ID: a96b2c60f6a0b88994b1a27dabc3bc93
*** Element info: {Using=xpath, value=//p[contains(.,'Money Added!')]}
	at com.rebirthQuickteller.TestCases.SendMoney.FundAccountWithValidDetails(SendMoney.java:136)
</failure>
    <system-out><![CDATA[Test to perform Fund QTAccount started !!!
Navigated to HomePage!!!  
emailAddress entered successfully
Password entered successfully
SignIn button clicked successfully
Add Money Button Clicked Successfully
Amount Entered
Pay Button Clicked Successfully
New card selected
Card number input
CardExpiryDate input
CardCVV input
Card Pin input
Next button clicked successfully
]]></system-out>
  </testcase>
  <testcase name="InvalidphoneNumberAirtimeRecharge" classname="com.rebirthQuickteller.TestCases.Recharge" time="7.6"/>
  <testcase name="QTAccountAirtimeRecharge" classname="com.rebirthQuickteller.TestCases.Recharge" time="37.212"/>
  <testcase name="QTAccountAirtimeRechargeWithInvalidTransactionPin" classname="com.rebirthQuickteller.TestCases.Recharge" time="20.951"/>
  <testcase name="CardAirtimeRecharge" classname="com.rebirthQuickteller.TestCases.Recharge" time="31.735"/>
</testsuite>