<?xml version="1.0" encoding="UTF-8"?>
<!-- Generated by org.testng.reporters.JUnitXMLReporter -->
<testsuite ignored="0" hostname="ISW-230323-1218" failures="0" tests="15" name="SignUp" time="296.823" errors="0" timestamp="20 Sep 2023 13:18:43 GMT">
  <testcase classname="com.rebirthQuickteller.TestCases.SignUp" name="AlreadyExistPhonenumberSignUp" time="3.879"/>
  <testcase classname="com.rebirthQuickteller.TestCases.SignUp" name="InvalidPhonenumberSignUp" time="4.4"/>
  <testcase classname="com.rebirthQuickteller.TestCases.SignUp" name="InvalidPasswordCheck1" time="14.1"/>
  <testcase classname="com.rebirthQuickteller.TestCases.SignUp" name="InvalidPasswordCheck2" time="0.646"/>
  <testcase classname="com.rebirthQuickteller.TestCases.SignUp" name="InvalidPasswordCheck3" time="0.558"/>
  <testcase classname="com.rebirthQuickteller.TestCases.SignUp" name="InvalidPasswordCheck4" time="0.659"/>
  <testcase classname="com.rebirthQuickteller.TestCases.SignUp" name="InvalidPasswordCheck5" time="0.627"/>
  <testcase classname="com.rebirthQuickteller.TestCases.SignUp" name="InvalidPasswordCheck6" time="0.617"/>
  <testcase classname="com.rebirthQuickteller.TestCases.SignUp" name="CheckFirstNameIsRequiredToCompleteOnboarding" time="31.633"/>
  <testcase classname="com.rebirthQuickteller.TestCases.SignUp" name="CheckLastNameIsRequiredToCompleteOnboarding" time="40.35"/>
  <testcase classname="com.rebirthQuickteller.TestCases.SignUp" name="CheckGenderIsRequiredToCompleteOnboarding" time="39.885"/>
  <testcase classname="com.rebirthQuickteller.TestCases.SignUp" name="CheckDateOfBirthIsRequiredToCompleteOnboarding" time="41.377"/>
  <testcase classname="com.rebirthQuickteller.TestCases.SignUp" name="CheckPinMisMatchisNotPermmittedToCompleteOnboarding" time="35.465"/>
  <testcase classname="com.rebirthQuickteller.TestCases.SignUp" name="CheckPinRepetitiveisNotPermmittedToCompleteOnboarding" time="39.045"/>
  <testcase classname="com.rebirthQuickteller.TestCases.SignUp" name="SignUpwithPhoneNumber" time="31.82"/>
</testsuite> <!-- SignUp -->
